\BOOKMARK [0][-]{chapter.1}{\376\377\145\160\122\027\147\201\226\120}{}% 1
\BOOKMARK [1][-]{section.1.1}{\376\377\145\160\122\027\147\201\226\120\166\204\151\202\137\365}{chapter.1}% 2
\BOOKMARK [2][-]{subsection.1.1.1}{\376\377\176\303\116\140\230\230}{section.1.1}% 3
\BOOKMARK [2][-]{subsection.1.1.2}{\376\377\140\035\200\003\230\230}{section.1.1}% 4
\BOOKMARK [1][-]{section.1.2}{\376\377\145\160\122\027\147\201\226\120\166\204\127\372\147\054\140\047\215\050}{chapter.1}% 5
\BOOKMARK [2][-]{subsection.1.2.1}{\376\377\176\303\116\140\230\230}{section.1.2}% 6
\BOOKMARK [2][-]{subsection.1.2.2}{\376\377\140\035\200\003\230\230}{section.1.2}% 7
\BOOKMARK [1][-]{section.1.3}{\376\377\133\236\145\160\164\006\213\272\377\014\133\236\145\160\217\336\176\355\140\047\124\175\230\230}{chapter.1}% 8
\BOOKMARK [2][-]{subsection.1.3.1}{\376\377\176\303\116\140\230\230}{section.1.3}% 9
\BOOKMARK [2][-]{subsection.1.3.2}{\376\377\140\035\200\003\230\230}{section.1.3}% 10
\BOOKMARK [1][-]{section.1.4}{\376\377\000C\000a\000u\000c\000h\000y\145\066\145\133\121\306\122\031\000\050\123\237\164\006\000\051\377\014\123\125\214\003\145\160\122\027\166\204\147\201\226\120\377\014\145\160\000e\000=\000n\000+\000\050\0001\000+\0001\000n\000\051\000n}{chapter.1}% 11
\BOOKMARK [2][-]{subsection.1.4.1}{\376\377\176\303\116\140\230\230}{section.1.4}% 12
\BOOKMARK [2][-]{subsection.1.4.2}{\376\377\140\035\200\003\230\230}{section.1.4}% 13
\BOOKMARK [1][-]{section.1.5}{\376\377\116\012\147\201\226\120\116\016\116\013\147\201\226\120}{chapter.1}% 14
\BOOKMARK [2][-]{subsection.1.5.1}{\376\377\176\303\116\140\230\230}{section.1.5}% 15
\BOOKMARK [2][-]{subsection.1.5.2}{\376\377\140\035\200\003\230\230}{section.1.5}% 16
\BOOKMARK [1][-]{section.1.6}{\376\377\000S\000t\000o\000l\000z\121\154\137\017}{chapter.1}% 17
\BOOKMARK [2][-]{subsection.1.6.1}{\376\377\176\303\116\140\230\230}{section.1.6}% 18
\BOOKMARK [2][-]{subsection.1.6.2}{\376\377\140\035\200\003\230\230}{section.1.6}% 19
\BOOKMARK [1][-]{section.1.7}{\376\377\131\015\116\140\230\230\0001}{chapter.1}% 20
\BOOKMARK [0][-]{example.1.7.23}{\376\377\175\042\000\040\137\025}{}% 21
\BOOKMARK [0][-]{example.1.7.23}{\376\377\123\302\200\003\145\207\163\056}{}% 22
\BOOKMARK [0][-]{appendix*.3}{\376\377\124\016\000\040\000\040\213\260}{}% 23
